# JRE version: OpenJDK Runtime Environment (17.0.6) (build 17.0.6+0-b2043.56-10027231)
# Java VM: OpenJDK 64-Bit Server VM (17.0.6+0-b2043.56-10027231, mixed mode, tiered, compressed oops, compressed class ptrs, g1 gc, windows-amd64)
GC Precious Log:
 CPUs: 8 total, 8 available
 Memory: 16334M
 Large Page Support: Disabled
 NUMA Support: Disabled
 Compressed Oops: Enabled (32-bit)
 Heap Region Size: 1M
 Heap Min Capacity: 8M
 Heap Initial Capacity: 256M
 Heap Max Capacity: 2G
 Pre-touch: Disabled
 Parallel Workers: 8
 Concurrent Workers: 2
 Concurrent Refinement Workers: 8
 Periodic GC: Disabled
Heap:
 garbage-first heap   total 387072K, used 317722K [0x0000000080000000, 0x0000000100000000)
  region size 1024K, 47 young (48128K), 2 survivors (2048K)
 Metaspace       used 129812K, committed 130624K, reserved 1163264K
  class space    used 17412K, committed 17792K, reserved 1048576K
GC Heap History (20 events):
Event: 32.368 GC heap before
{Heap before GC invocations=60 (full 0):
 garbage-first heap   total 387072K, used 269040K [0x0000000080000000, 0x0000000100000000)
  region size 1024K, 74 young (75776K), 2 survivors (2048K)
 Metaspace       used 113240K, committed 113984K, reserved 1155072K
  class space    used 15496K, committed 15872K, reserved 1048576K
}
Event: 32.388 GC heap after
{Heap after GC invocations=61 (full 0):
 garbage-first heap   total 387072K, used 209920K [0x0000000080000000, 0x0000000100000000)
  region size 1024K, 10 young (10240K), 10 survivors (10240K)
 Metaspace       used 113240K, committed 113984K, reserved 1155072K
  class space    used 15496K, committed 15872K, reserved 1048576K
}
Event: 33.809 GC heap before
{Heap before GC invocations=61 (full 0):
 garbage-first heap   total 387072K, used 287744K [0x0000000080000000, 0x0000000100000000)
  region size 1024K, 76 young (77824K), 10 survivors (10240K)
 Metaspace       used 113924K, committed 114624K, reserved 1155072K
  class space    used 15576K, committed 15936K, reserved 1048576K
}
Event: 33.823 GC heap after
{Heap after GC invocations=62 (full 0):
 garbage-first heap   total 387072K, used 225861K [0x0000000080000000, 0x0000000100000000)
  region size 1024K, 4 young (4096K), 4 survivors (4096K)
 Metaspace       used 113924K, committed 114624K, reserved 1155072K
  class space    used 15576K, committed 15936K, reserved 1048576K
}
Event: 36.174 GC heap before
{Heap before GC invocations=62 (full 0):
 garbage-first heap   total 387072K, used 303685K [0x0000000080000000, 0x0000000100000000)
  region size 1024K, 70 young (71680K), 4 survivors (4096K)
 Metaspace       used 114834K, committed 115648K, reserved 1155072K
  class space    used 15690K, committed 16064K, reserved 1048576K
}
Event: 36.192 GC heap after
{Heap after GC invocations=63 (full 0):
 garbage-first heap   total 387072K, used 250880K [0x0000000080000000, 0x0000000100000000)
  region size 1024K, 9 young (9216K), 9 survivors (9216K)
 Metaspace       used 114834K, committed 115648K, reserved 1155072K
  class space    used 15690K, committed 16064K, reserved 1048576K
}
Event: 37.216 GC heap before
{Heap before GC invocations=63 (full 0):
 garbage-first heap   total 387072K, used 317440K [0x0000000080000000, 0x0000000100000000)
  region size 1024K, 66 young (67584K), 9 survivors (9216K)
 Metaspace       used 116113K, committed 116928K, reserved 1155072K
  class space    used 15857K, committed 16256K, reserved 1048576K
}
Event: 37.232 GC heap after
{Heap after GC invocations=64 (full 0):
 garbage-first heap   total 387072K, used 265024K [0x0000000080000000, 0x0000000100000000)
  region size 1024K, 5 young (5120K), 5 survivors (5120K)
 Metaspace       used 116113K, committed 116928K, reserved 1155072K
  class space    used 15857K, committed 16256K, reserved 1048576K
}
Event: 40.779 GC heap before
{Heap before GC invocations=64 (full 0):
 garbage-first heap   total 387072K, used 335680K [0x0000000080000000, 0x0000000100000000)
  region size 1024K, 57 young (58368K), 5 survivors (5120K)
 Metaspace       used 122740K, committed 123520K, reserved 1155072K
  class space    used 16670K, committed 17024K, reserved 1048576K
}
Event: 40.785 GC heap after
{Heap after GC invocations=65 (full 0):
 garbage-first heap   total 387072K, used 257442K [0x0000000080000000, 0x0000000100000000)
  region size 1024K, 4 young (4096K), 4 survivors (4096K)
 Metaspace       used 122740K, committed 123520K, reserved 1155072K
  class space    used 16670K, committed 17024K, reserved 1048576K
}
Event: 42.341 GC heap before
{Heap before GC invocations=65 (full 0):
 garbage-first heap   total 387072K, used 316834K [0x0000000080000000, 0x0000000100000000)
  region size 1024K, 63 young (64512K), 4 survivors (4096K)
 Metaspace       used 125138K, committed 126016K, reserved 1163264K
  class space    used 16855K, committed 17280K, reserved 1048576K
}
Event: 42.345 GC heap after
{Heap after GC invocations=66 (full 0):
 garbage-first heap   total 387072K, used 258749K [0x0000000080000000, 0x0000000100000000)
  region size 1024K, 5 young (5120K), 5 survivors (5120K)
 Metaspace       used 125138K, committed 126016K, reserved 1163264K
  class space    used 16855K, committed 17280K, reserved 1048576K
}
Event: 51.771 GC heap before
{Heap before GC invocations=66 (full 0):
 garbage-first heap   total 387072K, used 320189K [0x0000000080000000, 0x0000000100000000)
  region size 1024K, 66 young (67584K), 5 survivors (5120K)
 Metaspace       used 126310K, committed 127168K, reserved 1163264K
  class space    used 16964K, committed 17408K, reserved 1048576K
}
Event: 51.784 GC heap after
{Heap after GC invocations=67 (full 0):
 garbage-first heap   total 387072K, used 265216K [0x0000000080000000, 0x0000000100000000)
  region size 1024K, 9 young (9216K), 9 survivors (9216K)
 Metaspace       used 126310K, committed 127168K, reserved 1163264K
  class space    used 16964K, committed 17408K, reserved 1048576K
}
Event: 53.099 GC heap before
{Heap before GC invocations=67 (full 0):
 garbage-first heap   total 387072K, used 325632K [0x0000000080000000, 0x0000000100000000)
  region size 1024K, 67 young (68608K), 9 survivors (9216K)
 Metaspace       used 126692K, committed 127488K, reserved 1163264K
  class space    used 16996K, committed 17408K, reserved 1048576K
}
Event: 53.111 GC heap after
{Heap after GC invocations=68 (full 0):
 garbage-first heap   total 387072K, used 271580K [0x0000000080000000, 0x0000000100000000)
  region size 1024K, 5 young (5120K), 5 survivors (5120K)
 Metaspace       used 126692K, committed 127488K, reserved 1163264K
  class space    used 16996K, committed 17408K, reserved 1048576K
}
Event: 53.660 GC heap before
{Heap before GC invocations=68 (full 0):
 garbage-first heap   total 387072K, used 326876K [0x0000000080000000, 0x0000000100000000)
  region size 1024K, 60 young (61440K), 5 survivors (5120K)
 Metaspace       used 126692K, committed 127488K, reserved 1163264K
  class space    used 16996K, committed 17408K, reserved 1048576K
}
Event: 53.664 GC heap after
{Heap after GC invocations=69 (full 0):
 garbage-first heap   total 387072K, used 271645K [0x0000000080000000, 0x0000000100000000)
  region size 1024K, 5 young (5120K), 5 survivors (5120K)
 Metaspace       used 126692K, committed 127488K, reserved 1163264K
  class space    used 16996K, committed 17408K, reserved 1048576K
}
Event: 54.099 GC heap before
{Heap before GC invocations=69 (full 0):
 garbage-first heap   total 387072K, used 330013K [0x0000000080000000, 0x0000000100000000)
  region size 1024K, 62 young (63488K), 5 survivors (5120K)
 Metaspace       used 126692K, committed 127488K, reserved 1163264K
  class space    used 16996K, committed 17408K, reserved 1048576K
}
Event: 54.104 GC heap after
{Heap after GC invocations=70 (full 0):
 garbage-first heap   total 387072K, used 272666K [0x0000000080000000, 0x0000000100000000)
  region size 1024K, 2 young (2048K), 2 survivors (2048K)
 Metaspace       used 126692K, committed 127488K, reserved 1163264K
  class space    used 16996K, committed 17408K, reserved 1048576K
}

